Warning: KiotaBuilder OpenAPI warning: #/paths/~1api~12.0~1people~1email/get/parameters/0/schema - The format email is not supported by Kiota and the string type will be used.
Warning: KiotaBuilder OpenAPI warning: #/components/schemas/ASC.Api.Core.ApiDateTime/properties/timeZoneOffset - The format date-span is not supported by Kiota for the type string and the string type will be used.
Warning: KiotaBuilder OpenAPI warning: #/components/schemas/ASC.People.ApiModels.RequestDto.EmailMemberRequestDto/properties/email - The format email is not supported by Kiota and the string type will be used.
Warning: KiotaBuilder OpenAPI warning: #/components/schemas/ASC.People.ApiModels.RequestDto.MemberBaseRequestDto/properties/email - The format email is not supported by Kiota and the string type will be used.
Warning: KiotaBuilder OpenAPI warning: #/components/schemas/ASC.People.ApiModels.RequestDto.MemberRequestDto/properties/email - The format email is not supported by Kiota and the string type will be used.
Warning: KiotaBuilder OpenAPI warning: #/components/schemas/ASC.People.ApiModels.RequestDto.SignupAccountRequestDto/properties/email - The format email is not supported by Kiota and the string type will be used.
Warning: KiotaBuilder OpenAPI warning: #/components/schemas/ASC.People.ApiModels.RequestDto.UpdateMemberRequestDto/properties/email - The format email is not supported by Kiota and the string type will be used.
Warning: KiotaBuilder OpenAPI warning: #/components/schemas/ASC.People.ApiModels.RequestDto.UserInvitation/properties/email - The format email is not supported by Kiota and the string type will be used.
Warning: KiotaBuilder OpenAPI warning: #/components/schemas/ASC.People.ApiModels.ResponseDto.AccountInfoDto/properties/url - The format uri is not supported by Kiota and the string type will be used.
Warning: KiotaBuilder OpenAPI warning: #/components/schemas/ASC.Web.Api.Models.EmployeeFullDto/properties/email - The format email is not supported by Kiota and the string type will be used.
Warning: KiotaBuilder OpenAPI warning: #/components/schemas/ASC.Core.Users.UserInfo/properties/email - The format email is not supported by Kiota and the string type will be used.
Warning: KiotaBuilder OpenAPI warning: #/components/schemas/ASC.FederatedLogin.OAuth20Token/properties/redirect_uri - The format uri is not supported by Kiota and the string type will be used.
Warning: KiotaBuilder OpenAPI warning: #/components/schemas/ASC.Files.Core.ApiModels.FileShareParams/properties/email - The format email is not supported by Kiota and the string type will be used.
Warning: KiotaBuilder OpenAPI warning: #/components/schemas/ASC.Files.Core.ApiModels.RequestDto.RoomInvitation/properties/email - The format email is not supported by Kiota and the string type will be used.
Warning: KiotaBuilder OpenAPI warning: #/components/schemas/ASC.Files.Core.ApiModels.ResponseDto.ConfigurationDto.System.Int32/properties/editorUrl - The format uri is not supported by Kiota and the string type will be used.
Warning: KiotaBuilder OpenAPI warning: #/components/schemas/ASC.Files.Core.ApiModels.ResponseDto.DocumentConfigDto/properties/url - The format uri is not supported by Kiota and the string type will be used.
Warning: KiotaBuilder OpenAPI warning: #/components/schemas/ASC.Files.Core.ApiModels.ResponseDto.EditorConfigurationDto/properties/callbackUrl - The format uri is not supported by Kiota and the string type will be used.
Warning: KiotaBuilder OpenAPI warning: #/components/schemas/ASC.Files.Core.ApiModels.ResponseDto.FileDto.System.Int32/properties/security/example - Data and type mismatch found.
Warning: KiotaBuilder OpenAPI warning: #/components/schemas/ASC.Files.Core.ApiModels.ResponseDto.FileDto.System.Int32/properties/viewUrl - The format uri is not supported by Kiota and the string type will be used.
Warning: KiotaBuilder OpenAPI warning: #/components/schemas/ASC.Files.Core.ApiModels.ResponseDto.FileDto.System.Int32/properties/webUrl - The format uri is not supported by Kiota and the string type will be used.
Warning: KiotaBuilder OpenAPI warning: #/components/schemas/ASC.Files.Core.ApiModels.ResponseDto.FileDto.System.Int32/properties/thumbnailUrl - The format uri is not supported by Kiota and the string type will be used.
Warning: KiotaBuilder OpenAPI warning: #/components/schemas/ASC.Files.Core.ApiModels.ResponseDto.FileDto.System.Int32/properties/viewAccessibility/example - Data and type mismatch found.
Warning: KiotaBuilder OpenAPI warning: #/components/schemas/ASC.Files.Core.ApiModels.ResponseDto.FileDto.System.Int32/properties/availableExternalRights/example - Data and type mismatch found.
Warning: KiotaBuilder OpenAPI warning: #/components/schemas/ASC.Files.Core.ApiModels.ResponseDto.FileOperationDto/properties/url - The format uri is not supported by Kiota and the string type will be used.
Warning: KiotaBuilder OpenAPI warning: #/components/schemas/ASC.Files.Core.ApiModels.ResponseDto.FilesSettingsDto/properties/extsConvertible/example - Data and type mismatch found.
Warning: KiotaBuilder OpenAPI warning: #/components/schemas/ASC.Files.Core.ApiModels.ResponseDto.FilesSettingsDto/properties/internalFormats/example - Data and type mismatch found.
Warning: KiotaBuilder OpenAPI warning: #/components/schemas/ASC.Files.Core.ApiModels.ResponseDto.FilesSettingsDto/properties/fileDownloadUrlString - The format uri is not supported by Kiota and the string type will be used.
Warning: KiotaBuilder OpenAPI warning: #/components/schemas/ASC.Files.Core.ApiModels.ResponseDto.FilesSettingsDto/properties/fileWebViewerExternalUrlString - The format uri is not supported by Kiota and the string type will be used.
Warning: KiotaBuilder OpenAPI warning: #/components/schemas/ASC.Files.Core.ApiModels.ResponseDto.FilesSettingsDto/properties/fileWebEditorExternalUrlString - The format uri is not supported by Kiota and the string type will be used.
Warning: KiotaBuilder OpenAPI warning: #/components/schemas/ASC.Files.Core.ApiModels.ResponseDto.FilesSettingsDto/properties/fileRedirectPreviewUrlString - The format uri is not supported by Kiota and the string type will be used.
Warning: KiotaBuilder OpenAPI warning: #/components/schemas/ASC.Files.Core.ApiModels.ResponseDto.FilesSettingsDto/properties/fileThumbnailUrlString - The format uri is not supported by Kiota and the string type will be used.
Warning: KiotaBuilder OpenAPI warning: #/components/schemas/ASC.Files.Core.ApiModels.ResponseDto.FolderDto.System.Int32/properties/security/example - Data and type mismatch found.
Warning: KiotaBuilder OpenAPI warning: #/components/schemas/ASC.Files.Core.ApiModels.ResponseDto.FolderDto.System.String/properties/security/example - Data and type mismatch found.
Warning: KiotaBuilder OpenAPI warning: #/components/schemas/ASC.Files.Core.AuthData/properties/url - The format uri is not supported by Kiota and the string type will be used.
Warning: KiotaBuilder OpenAPI warning: #/components/schemas/ASC.Files.Core.EditHistoryDataDto/properties/changesUrl - The format uri is not supported by Kiota and the string type will be used.
Warning: KiotaBuilder OpenAPI warning: #/components/schemas/ASC.Files.Core.EditHistoryDataDto/properties/url - The format uri is not supported by Kiota and the string type will be used.
Warning: KiotaBuilder OpenAPI warning: #/components/schemas/ASC.Files.Core.EditHistoryUrl/properties/url - The format uri is not supported by Kiota and the string type will be used.
Warning: KiotaBuilder OpenAPI warning: #/components/schemas/ASC.Files.Core.Helpers.DocumentService_FileLink/properties/url - The format uri is not supported by Kiota and the string type will be used.
Warning: KiotaBuilder OpenAPI warning: #/components/schemas/ASC.Web.Files.Services.DocumentService.FileReference/properties/url - The format uri is not supported by Kiota and the string type will be used.
Warning: KiotaBuilder OpenAPI warning: #/components/schemas/ASC.Web.Files.Services.DocumentService.RecentConfig/properties/url - The format uri is not supported by Kiota and the string type will be used.
Warning: KiotaBuilder OpenAPI warning: #/components/schemas/ASC.Web.Files.Services.DocumentService.TemplatesConfig/properties/url - The format uri is not supported by Kiota and the string type will be used.
Warning: KiotaBuilder OpenAPI warning: #/components/schemas/ASC.Web.Files.Services.WCFService.MentionWrapper/properties/email - The format email is not supported by Kiota and the string type will be used.
Warning: KiotaBuilder OpenAPI warning: #/components/schemas/ASC.Core.Tenants.TenantQuota/properties/maxTotalSize/example - Data and type mismatch found.
Warning: KiotaBuilder OpenAPI warning: #/components/schemas/ASC.Data.Storage.Configuration.CdnStorageSettings/properties/props/example - Data and type mismatch found.
Warning: KiotaBuilder OpenAPI warning: #/components/schemas/ASC.Data.Storage.Configuration.StorageSettings/properties/props/example - Data and type mismatch found.
Warning: KiotaBuilder OpenAPI warning: #/components/schemas/ASC.Migration.Core.Models.Api.MigratingApiUser/properties/email - The format email is not supported by Kiota and the string type will be used.
Warning: KiotaBuilder OpenAPI warning: #/components/schemas/ASC.Security.Cryptography.EmailValidationKeyModel/properties/email - The format email is not supported by Kiota and the string type will be used.
Warning: KiotaBuilder OpenAPI warning: #/components/schemas/ASC.Web.Api.ApiModel.RequestsDto.AdminMessageBaseSettingsRequestsDto/properties/email - The format email is not supported by Kiota and the string type will be used.
Warning: KiotaBuilder OpenAPI warning: #/components/schemas/ASC.Web.Api.ApiModel.RequestsDto.AdminMessageSettingsRequestsDto/properties/email - The format email is not supported by Kiota and the string type will be used.
Warning: KiotaBuilder OpenAPI warning: #/components/schemas/ASC.Web.Api.ApiModel.RequestsDto.ConfirmData/properties/email - The format email is not supported by Kiota and the string type will be used.
Warning: KiotaBuilder OpenAPI warning: #/components/schemas/ASC.Web.Api.ApiModel.RequestsDto.WizardRequestsDto/properties/email - The format email is not supported by Kiota and the string type will be used.
Warning: KiotaBuilder OpenAPI warning: #/components/schemas/ASC.Web.Api.ApiModel.ResponseDto.AuthenticationTokenDto/properties/confirmUrl - The format uri is not supported by Kiota and the string type will be used.
Warning: KiotaBuilder OpenAPI warning: #/components/schemas/ASC.Web.Api.ApiModel.ResponseDto.CapabilitiesDto/properties/ssoUrl - The format uri is not supported by Kiota and the string type will be used.
Warning: KiotaBuilder OpenAPI warning: #/components/schemas/ASC.Web.Api.ApiModel.ResponseDto.SettingsDto/properties/utcOffset - The format date-span is not supported by Kiota for the type string and the string type will be used.
Warning: KiotaBuilder OpenAPI warning: #/components/schemas/ASC.Web.Api.ApiModels.ResponseDto.AdditionalWhiteLabelSettingsDto/properties/salesEmail - The format email is not supported by Kiota and the string type will be used.
Warning: KiotaBuilder OpenAPI warning: #/components/schemas/ASC.Web.Api.ApiModels.ResponseDto.CompanyWhiteLabelSettingsDto/properties/email - The format email is not supported by Kiota and the string type will be used.
Warning: KiotaBuilder OpenAPI warning: #/components/schemas/ASC.Web.Core.WhiteLabel.CompanyWhiteLabelSettings/properties/site - The format uri is not supported by Kiota and the string type will be used.
Warning: KiotaBuilder OpenAPI warning: #/components/schemas/ASC.Web.Core.WhiteLabel.CompanyWhiteLabelSettings/properties/email - The format email is not supported by Kiota and the string type will be used.
Warning: KiotaBuilder OpenAPI warning: #/components/schemas/ASC.Web.Core.WhiteLabel.CompanyWhiteLabelSettings/properties/phone - The format tel is not supported by Kiota for the type string and the string type will be used.
Warning: KiotaBuilder OpenAPI warning: #/components/schemas/ASC.Web.Studio.UserControls.Management.SingleSignOnSettings.SsoFieldMapping/properties/email - The format email is not supported by Kiota and the string type will be used.
Warning: KiotaBuilder OpenAPI warning: #/components/schemas/ASC.Data.Backup.BackupAjaxHandler_Schedule/properties/storageParams/example - Data and type mismatch found.
